<?xml version="1.0" encoding="UTF-8"?>
<!-- Generated by org.testng.reporters.JUnitReportReporter -->
<testsuite name="firstGroup.seleniumBTest" tests="1" time="0.038" ignored="0" failures="0" timestamp="13 פבר 2018 13:11:17 GMT" skipped="0" hostname="Yanir" errors="0">
  <testcase name="test11" time="0.038" classname="firstGroup.seleniumBTest"/>
</testsuite> <!-- firstGroup.seleniumBTest -->
