<?xml version="1.0" encoding="UTF-8"?>
<!-- Generated by org.testng.reporters.JUnitReportReporter -->
<testsuite name="firstGroup.seleniumB" tests="1" time="0.021" ignored="0" failures="0" timestamp="13 פבר 2018 11:08:24 GMT" skipped="0" hostname="Yanir" errors="0">
  <testcase name="f" time="0.021" classname="firstGroup.seleniumB"/>
</testsuite> <!-- firstGroup.seleniumB -->
